<?xml version="1.0" encoding="UTF-8"?>
<!-- Generated by org.testng.reporters.JUnitReportReporter -->
<testsuite hostname="01LTP0053" name="com.cucumber.testng.examples.RunCukesByFeatureAndCompositionTest1" tests="1" failures="0" timestamp="12 Jun 2017 18:17:27 GMT" time="48.633" errors="0">
  <testcase name="feature" time="48.633" classname="com.cucumber.testng.examples.RunCukesByFeatureAndCompositionTest1"/>
</testsuite> <!-- com.cucumber.testng.examples.RunCukesByFeatureAndCompositionTest1 -->
